<?xml version="1.0" encoding="UTF-8"?>
<TestRun id="40b74a27-60d5-4b53-8d5e-e526f57a7c6b" name="satyajit@ANCONIA 2010-01-30 11:55:18" runUser="Anconia\satyajit" xmlns="http://microsoft.com/schemas/VisualStudio/TeamTest/2010">
  <TestSettings name="Local" id="24005328-42bc-4836-a8a7-df22ad7f1a04">
    <Description>These are default test settings for a local test run.</Description>
    <Deployment enabled="false" runDeploymentRoot="satyajit_ANCONIA 2010-01-30 11_55_18">
      <DeploymentItem filename="C:\Users\satyajit\Documents\Visual Studio 2010\Projects\Practise\Practise\bin\Debug\Practise.dll" />
    </Deployment>
    <Execution>
      <TestTypeSpecific />
      <AgentRule name="Execution Agents">
      </AgentRule>
    </Execution>
  </TestSettings>
  <Times creation="2010-01-30T11:55:18.6137267-08:00" queuing="2010-01-30T11:55:18.6697300-08:00" start="2010-01-30T11:55:18.7137325-08:00" finish="2010-01-30T11:55:19.6187842-08:00" />
  <ResultSummary outcome="Completed">
    <Counters total="1" executed="1" passed="1" error="0" failed="0" timeout="0" aborted="0" inconclusive="0" passedButRunAborted="0" notRunnable="0" notExecuted="0" disconnected="0" warning="0" completed="0" inProgress="0" pending="0" />
  </ResultSummary>
  <TestDefinitions>
    <UnitTest name="addTest" storage="c:\users\satyajit\documents\visual studio 2010\projects\practise\testpractise\bin\debug\testpractise.dll" id="8ce3bd7e-b33e-57d6-727d-0b654fb1fb2d">
      <Execution id="9ceed08e-e37f-42ca-9a05-7585316b548e" />
      <TestMethod codeBase="C:/Users/satyajit/Documents/Visual Studio 2010/Projects/Practise/TestPractise/bin/Debug/TestPractise.DLL" adapterTypeName="Microsoft.VisualStudio.TestTools.TestTypes.Unit.UnitTestAdapter, Microsoft.VisualStudio.QualityTools.Tips.UnitTest.Adapter, Version=10.0.0.0, Culture=neutral, PublicKeyToken=b03f5f7f11d50a3a" className="TestPractise.Class1Test, TestPractise, Version=1.0.0.0, Culture=neutral, PublicKeyToken=null" name="addTest" />
    </UnitTest>
  </TestDefinitions>
  <TestLists>
    <TestList name="Results Not in a List" id="8c84fa94-04c1-424b-9868-57a2d4851a1d" />
    <TestList name="All Loaded Results" id="19431567-8539-422a-85d7-44ee4e166bda" />
  </TestLists>
  <TestEntries>
    <TestEntry testId="8ce3bd7e-b33e-57d6-727d-0b654fb1fb2d" executionId="9ceed08e-e37f-42ca-9a05-7585316b548e" testListId="8c84fa94-04c1-424b-9868-57a2d4851a1d" />
  </TestEntries>
  <Results>
    <UnitTestResult executionId="9ceed08e-e37f-42ca-9a05-7585316b548e" testId="8ce3bd7e-b33e-57d6-727d-0b654fb1fb2d" testName="addTest" computerName="ANCONIA" duration="00:00:00.0313306" startTime="2010-01-30T11:55:18.7157326-08:00" endTime="2010-01-30T11:55:19.5857823-08:00" testType="13cdc9d9-ddb5-4fa4-a97d-d965ccfc6d4b" outcome="Passed" testListId="8c84fa94-04c1-424b-9868-57a2d4851a1d" relativeResultsDirectory="9ceed08e-e37f-42ca-9a05-7585316b548e">
    </UnitTestResult>
  </Results>
</TestRun>