<?xml version="1.0" encoding="UTF-8"?>
<TestRun id="500666ef-10a6-4206-9e54-1b6ee678ec8e" name="satyajit@ANCONIA 2010-01-30 13:49:00" runUser="Anconia\satyajit" xmlns="http://microsoft.com/schemas/VisualStudio/TeamTest/2010">
  <TestSettings name="Local" id="24005328-42bc-4836-a8a7-df22ad7f1a04">
    <Description>These are default test settings for a local test run.</Description>
    <Deployment enabled="false" runDeploymentRoot="satyajit_ANCONIA 2010-01-30 13_49_00">
      <DeploymentItem filename="C:\Users\satyajit\Documents\Visual Studio 2010\Projects\Practise\Practise\bin\Debug\Practise.dll" />
    </Deployment>
    <Execution>
      <TestTypeSpecific />
      <AgentRule name="Execution Agents">
      </AgentRule>
    </Execution>
  </TestSettings>
  <Times creation="2010-01-30T13:49:00.6211652-08:00" queuing="2010-01-30T13:49:00.6811653-08:00" start="2010-01-30T13:49:00.7341661-08:00" finish="2010-01-30T13:49:01.8412205-08:00" />
  <ResultSummary outcome="Failed">
    <Counters total="4" executed="4" passed="2" error="0" failed="2" timeout="0" aborted="0" inconclusive="0" passedButRunAborted="0" notRunnable="0" notExecuted="0" disconnected="0" warning="0" completed="0" inProgress="0" pending="0" />
  </ResultSummary>
  <TestDefinitions>
    <UnitTest name="TestNegativeMaxRangeSubtraction" storage="c:\users\satyajit\documents\visual studio 2010\projects\practise\testpractise\bin\debug\testpractise.dll" id="185d5a06-c474-ed01-2b16-68bba897db3f">
      <Execution id="b9ffd506-a5f5-4f98-9091-a04e600da24f" />
      <TestMethod codeBase="C:/Users/satyajit/Documents/Visual Studio 2010/Projects/Practise/TestPractise/bin/Debug/TestPractise.DLL" adapterTypeName="Microsoft.VisualStudio.TestTools.TestTypes.Unit.UnitTestAdapter, Microsoft.VisualStudio.QualityTools.Tips.UnitTest.Adapter, Version=10.0.0.0, Culture=neutral, PublicKeyToken=b03f5f7f11d50a3a" className="TestPractise.MainTest, TestPractise, Version=1.0.0.0, Culture=neutral, PublicKeyToken=null" name="TestNegativeMaxRangeSubtraction" />
    </UnitTest>
    <UnitTest name="TestAdd" storage="c:\users\satyajit\documents\visual studio 2010\projects\practise\testpractise\bin\debug\testpractise.dll" id="7504b88b-a9c7-4f16-2b97-38de1fe1d1d4">
      <Execution id="948e78b6-d473-44c4-9163-f710e3cbf39c" />
      <TestMethod codeBase="C:/Users/satyajit/Documents/Visual Studio 2010/Projects/Practise/TestPractise/bin/Debug/TestPractise.DLL" adapterTypeName="Microsoft.VisualStudio.TestTools.TestTypes.Unit.UnitTestAdapter, Microsoft.VisualStudio.QualityTools.Tips.UnitTest.Adapter, Version=10.0.0.0, Culture=neutral, PublicKeyToken=b03f5f7f11d50a3a" className="TestPractise.MainTest, TestPractise, Version=1.0.0.0, Culture=neutral, PublicKeyToken=null" name="TestAdd" />
    </UnitTest>
    <UnitTest name="TestSubtract" storage="c:\users\satyajit\documents\visual studio 2010\projects\practise\testpractise\bin\debug\testpractise.dll" id="c298320e-b549-5bd3-4bc9-05889fd8d069">
      <Execution id="8be14e03-2e1e-4ddc-8482-041e3f64d484" />
      <TestMethod codeBase="C:/Users/satyajit/Documents/Visual Studio 2010/Projects/Practise/TestPractise/bin/Debug/TestPractise.DLL" adapterTypeName="Microsoft.VisualStudio.TestTools.TestTypes.Unit.UnitTestAdapter, Microsoft.VisualStudio.QualityTools.Tips.UnitTest.Adapter, Version=10.0.0.0, Culture=neutral, PublicKeyToken=b03f5f7f11d50a3a" className="TestPractise.MainTest, TestPractise, Version=1.0.0.0, Culture=neutral, PublicKeyToken=null" name="TestSubtract" />
    </UnitTest>
    <UnitTest name="TestNegativeSubtraction" storage="c:\users\satyajit\documents\visual studio 2010\projects\practise\testpractise\bin\debug\testpractise.dll" id="f9085e1a-d2f8-c8fb-04ef-3e4eec939b9b">
      <Execution id="f7cb444a-2d72-421a-92f9-a98daf4a57db" />
      <TestMethod codeBase="C:/Users/satyajit/Documents/Visual Studio 2010/Projects/Practise/TestPractise/bin/Debug/TestPractise.DLL" adapterTypeName="Microsoft.VisualStudio.TestTools.TestTypes.Unit.UnitTestAdapter, Microsoft.VisualStudio.QualityTools.Tips.UnitTest.Adapter, Version=10.0.0.0, Culture=neutral, PublicKeyToken=b03f5f7f11d50a3a" className="TestPractise.MainTest, TestPractise, Version=1.0.0.0, Culture=neutral, PublicKeyToken=null" name="TestNegativeSubtraction" />
    </UnitTest>
  </TestDefinitions>
  <TestLists>
    <TestList name="Results Not in a List" id="8c84fa94-04c1-424b-9868-57a2d4851a1d" />
    <TestList name="All Loaded Results" id="19431567-8539-422a-85d7-44ee4e166bda" />
  </TestLists>
  <TestEntries>
    <TestEntry testId="185d5a06-c474-ed01-2b16-68bba897db3f" executionId="b9ffd506-a5f5-4f98-9091-a04e600da24f" testListId="8c84fa94-04c1-424b-9868-57a2d4851a1d" />
    <TestEntry testId="7504b88b-a9c7-4f16-2b97-38de1fe1d1d4" executionId="948e78b6-d473-44c4-9163-f710e3cbf39c" testListId="8c84fa94-04c1-424b-9868-57a2d4851a1d" />
    <TestEntry testId="c298320e-b549-5bd3-4bc9-05889fd8d069" executionId="8be14e03-2e1e-4ddc-8482-041e3f64d484" testListId="8c84fa94-04c1-424b-9868-57a2d4851a1d" />
    <TestEntry testId="f9085e1a-d2f8-c8fb-04ef-3e4eec939b9b" executionId="f7cb444a-2d72-421a-92f9-a98daf4a57db" testListId="8c84fa94-04c1-424b-9868-57a2d4851a1d" />
  </TestEntries>
  <Results>
    <UnitTestResult executionId="b9ffd506-a5f5-4f98-9091-a04e600da24f" testId="185d5a06-c474-ed01-2b16-68bba897db3f" testName="TestNegativeMaxRangeSubtraction" computerName="ANCONIA" duration="00:00:00.0333663" startTime="2010-01-30T13:49:00.7371663-08:00" endTime="2010-01-30T13:49:01.6012084-08:00" testType="13cdc9d9-ddb5-4fa4-a97d-d965ccfc6d4b" outcome="Failed" testListId="8c84fa94-04c1-424b-9868-57a2d4851a1d" relativeResultsDirectory="b9ffd506-a5f5-4f98-9091-a04e600da24f">
      <Output>
        <ErrorInfo>
          <Message>Test method TestPractise.MainTest.TestNegativeMaxRangeSubtraction did not throw expected exception System.Exception.</Message>
        </ErrorInfo>
      </Output>
    </UnitTestResult>
    <UnitTestResult executionId="948e78b6-d473-44c4-9163-f710e3cbf39c" testId="7504b88b-a9c7-4f16-2b97-38de1fe1d1d4" testName="TestAdd" computerName="ANCONIA" duration="00:00:00.0026833" startTime="2010-01-30T13:49:01.6212084-08:00" endTime="2010-01-30T13:49:01.6512096-08:00" testType="13cdc9d9-ddb5-4fa4-a97d-d965ccfc6d4b" outcome="Passed" testListId="8c84fa94-04c1-424b-9868-57a2d4851a1d" relativeResultsDirectory="948e78b6-d473-44c4-9163-f710e3cbf39c">
    </UnitTestResult>
    <UnitTestResult executionId="8be14e03-2e1e-4ddc-8482-041e3f64d484" testId="c298320e-b549-5bd3-4bc9-05889fd8d069" testName="TestSubtract" computerName="ANCONIA" duration="00:00:00.0005142" startTime="2010-01-30T13:49:01.6522097-08:00" endTime="2010-01-30T13:49:01.6582100-08:00" testType="13cdc9d9-ddb5-4fa4-a97d-d965ccfc6d4b" outcome="Passed" testListId="8c84fa94-04c1-424b-9868-57a2d4851a1d" relativeResultsDirectory="8be14e03-2e1e-4ddc-8482-041e3f64d484">
    </UnitTestResult>
    <UnitTestResult executionId="f7cb444a-2d72-421a-92f9-a98daf4a57db" testId="f9085e1a-d2f8-c8fb-04ef-3e4eec939b9b" testName="TestNegativeSubtraction" computerName="ANCONIA" duration="00:00:00.0158719" startTime="2010-01-30T13:49:01.6732109-08:00" endTime="2010-01-30T13:49:01.7272140-08:00" testType="13cdc9d9-ddb5-4fa4-a97d-d965ccfc6d4b" outcome="Failed" testListId="8c84fa94-04c1-424b-9868-57a2d4851a1d" relativeResultsDirectory="f7cb444a-2d72-421a-92f9-a98daf4a57db">
      <Output>
        <ErrorInfo>
          <Message>Assert.AreEqual failed. Expected:&lt;-3&gt;. Actual:&lt;-1&gt;. </Message>
          <StackTrace>   at TestPractise.MainTest.TestNegativeSubtraction() in C:\Users\satyajit\Documents\Visual Studio 2010\Projects\Practise\TestPractise\MainTest.cs:line 107
</StackTrace>
        </ErrorInfo>
      </Output>
    </UnitTestResult>
  </Results>
</TestRun>