<?xml version="1.0" encoding="UTF-8"?>
<TestRun id="6f78f899-a796-47ca-9a25-96339456112b" name="satyajit@ANCONIA 2010-01-30 12:42:33" runUser="Anconia\satyajit" xmlns="http://microsoft.com/schemas/VisualStudio/TeamTest/2010">
  <TestSettings name="Local" id="24005328-42bc-4836-a8a7-df22ad7f1a04">
    <Description>These are default test settings for a local test run.</Description>
    <Deployment enabled="false" runDeploymentRoot="satyajit_ANCONIA 2010-01-30 12_42_33">
      <DeploymentItem filename="C:\Users\satyajit\Documents\Visual Studio 2010\Projects\Practise\Practise\bin\Debug\Practise.dll" />
    </Deployment>
    <Execution>
      <TestTypeSpecific />
      <AgentRule name="Execution Agents">
      </AgentRule>
    </Execution>
  </TestSettings>
  <Times creation="2010-01-30T12:42:33.0520261-08:00" queuing="2010-01-30T12:42:33.1060292-08:00" start="2010-01-30T12:42:33.1410312-08:00" finish="2010-01-30T12:42:34.0800849-08:00" />
  <ResultSummary outcome="Failed">
    <Counters total="1" executed="1" error="0" failed="1" timeout="0" aborted="0" inconclusive="0" passedButRunAborted="0" notRunnable="0" notExecuted="0" disconnected="0" warning="0" passed="0" completed="0" inProgress="0" pending="0" />
  </ResultSummary>
  <TestDefinitions>
    <UnitTest name="TestNegativeMaxRangeSubtraction" storage="c:\users\satyajit\documents\visual studio 2010\projects\practise\testpractise\bin\debug\testpractise.dll" id="185d5a06-c474-ed01-2b16-68bba897db3f">
      <Execution id="35e491da-483f-4eaa-bc08-bf563418412b" />
      <TestMethod codeBase="C:/Users/satyajit/Documents/Visual Studio 2010/Projects/Practise/TestPractise/bin/Debug/TestPractise.DLL" adapterTypeName="Microsoft.VisualStudio.TestTools.TestTypes.Unit.UnitTestAdapter, Microsoft.VisualStudio.QualityTools.Tips.UnitTest.Adapter, Version=10.0.0.0, Culture=neutral, PublicKeyToken=b03f5f7f11d50a3a" className="TestPractise.MainTest, TestPractise, Version=1.0.0.0, Culture=neutral, PublicKeyToken=null" name="TestNegativeMaxRangeSubtraction" />
    </UnitTest>
  </TestDefinitions>
  <TestLists>
    <TestList name="Results Not in a List" id="8c84fa94-04c1-424b-9868-57a2d4851a1d" />
    <TestList name="All Loaded Results" id="19431567-8539-422a-85d7-44ee4e166bda" />
  </TestLists>
  <TestEntries>
    <TestEntry testId="185d5a06-c474-ed01-2b16-68bba897db3f" executionId="35e491da-483f-4eaa-bc08-bf563418412b" testListId="8c84fa94-04c1-424b-9868-57a2d4851a1d" />
  </TestEntries>
  <Results>
    <UnitTestResult executionId="35e491da-483f-4eaa-bc08-bf563418412b" testId="185d5a06-c474-ed01-2b16-68bba897db3f" testName="TestNegativeMaxRangeSubtraction" computerName="ANCONIA" duration="00:00:00.0449837" startTime="2010-01-30T12:42:33.1570321-08:00" endTime="2010-01-30T12:42:34.0440828-08:00" testType="13cdc9d9-ddb5-4fa4-a97d-d965ccfc6d4b" outcome="Failed" testListId="8c84fa94-04c1-424b-9868-57a2d4851a1d" relativeResultsDirectory="35e491da-483f-4eaa-bc08-bf563418412b">
      <Output>
        <ErrorInfo>
          <Message>Assert.IsInstanceOfType failed.  Expected type:&lt;System.Exception&gt;. Actual type:&lt;System.Int32&gt;.</Message>
          <StackTrace>   at TestPractise.MainTest.TestNegativeMaxRangeSubtraction() in C:\Users\satyajit\Documents\Visual Studio 2010\Projects\Practise\TestPractise\MainTest.cs:line 123
</StackTrace>
        </ErrorInfo>
      </Output>
    </UnitTestResult>
  </Results>
</TestRun>