<?xml version="1.0" encoding="UTF-8"?>
<TestRun id="0c7033a6-2560-4b74-9748-80511a04ad6b" name="satyajit@ANCONIA 2010-01-30 13:50:01" runUser="Anconia\satyajit" xmlns="http://microsoft.com/schemas/VisualStudio/TeamTest/2010">
  <TestSettings name="Local" id="24005328-42bc-4836-a8a7-df22ad7f1a04">
    <Description>These are default test settings for a local test run.</Description>
    <Deployment enabled="false" runDeploymentRoot="satyajit_ANCONIA 2010-01-30 13_50_01">
      <DeploymentItem filename="C:\Users\satyajit\Documents\Visual Studio 2010\Projects\Practise\Practise\bin\Debug\Practise.dll" />
    </Deployment>
    <Execution>
      <TestTypeSpecific />
      <AgentRule name="Execution Agents">
      </AgentRule>
    </Execution>
  </TestSettings>
  <Times creation="2010-01-30T13:50:01.8773902-08:00" queuing="2010-01-30T13:50:01.9073903-08:00" start="2010-01-30T13:50:01.9513906-08:00" finish="2010-01-30T13:50:02.8694308-08:00" />
  <ResultSummary outcome="Failed">
    <Counters total="1" executed="1" error="0" failed="1" timeout="0" aborted="0" inconclusive="0" passedButRunAborted="0" notRunnable="0" notExecuted="0" disconnected="0" warning="0" passed="0" completed="0" inProgress="0" pending="0" />
  </ResultSummary>
  <TestDefinitions>
    <UnitTest name="TestNegativeMaxRangeSubtraction" storage="c:\users\satyajit\documents\visual studio 2010\projects\practise\testpractise\bin\debug\testpractise.dll" id="185d5a06-c474-ed01-2b16-68bba897db3f">
      <Execution id="5e688a76-d713-459f-aee1-7107c360a704" />
      <TestMethod codeBase="C:/Users/satyajit/Documents/Visual Studio 2010/Projects/Practise/TestPractise/bin/Debug/TestPractise.DLL" adapterTypeName="Microsoft.VisualStudio.TestTools.TestTypes.Unit.UnitTestAdapter, Microsoft.VisualStudio.QualityTools.Tips.UnitTest.Adapter, Version=10.0.0.0, Culture=neutral, PublicKeyToken=b03f5f7f11d50a3a" className="TestPractise.MainTest, TestPractise, Version=1.0.0.0, Culture=neutral, PublicKeyToken=null" name="TestNegativeMaxRangeSubtraction" />
    </UnitTest>
  </TestDefinitions>
  <TestLists>
    <TestList name="Results Not in a List" id="8c84fa94-04c1-424b-9868-57a2d4851a1d" />
    <TestList name="All Loaded Results" id="19431567-8539-422a-85d7-44ee4e166bda" />
  </TestLists>
  <TestEntries>
    <TestEntry testId="185d5a06-c474-ed01-2b16-68bba897db3f" executionId="5e688a76-d713-459f-aee1-7107c360a704" testListId="8c84fa94-04c1-424b-9868-57a2d4851a1d" />
  </TestEntries>
  <Results>
    <UnitTestResult executionId="5e688a76-d713-459f-aee1-7107c360a704" testId="185d5a06-c474-ed01-2b16-68bba897db3f" testName="TestNegativeMaxRangeSubtraction" computerName="ANCONIA" duration="00:00:00.0334566" startTime="2010-01-30T13:50:01.9683915-08:00" endTime="2010-01-30T13:50:02.8294307-08:00" testType="13cdc9d9-ddb5-4fa4-a97d-d965ccfc6d4b" outcome="Failed" testListId="8c84fa94-04c1-424b-9868-57a2d4851a1d" relativeResultsDirectory="5e688a76-d713-459f-aee1-7107c360a704">
      <Output>
        <ErrorInfo>
          <Message>Test method TestPractise.MainTest.TestNegativeMaxRangeSubtraction did not throw expected exception System.Exception.</Message>
        </ErrorInfo>
      </Output>
    </UnitTestResult>
  </Results>
</TestRun>