<?xml version="1.0" encoding="UTF-8"?>
<TestRun id="1443f9ed-8164-4e40-a811-7a3e3d18e19b" name="satyajit@ANCONIA 2010-01-31 15:58:44" runUser="Anconia\satyajit" xmlns="http://microsoft.com/schemas/VisualStudio/TeamTest/2010">
  <TestSettings name="Local" id="24005328-42bc-4836-a8a7-df22ad7f1a04">
    <Description>These are default test settings for a local test run.</Description>
    <Deployment enabled="false" runDeploymentRoot="satyajit_ANCONIA 2010-01-31 15_58_44">
      <DeploymentItem filename="C:\Users\satyajit\Documents\Visual Studio 2010\Projects\Practise\Practise\bin\Debug\Practise.dll" />
    </Deployment>
    <Execution>
      <TestTypeSpecific />
      <AgentRule name="Execution Agents">
      </AgentRule>
    </Execution>
  </TestSettings>
  <Times creation="2010-01-31T15:58:44.2182036-08:00" queuing="2010-01-31T15:58:55.1348280-08:00" start="2010-01-31T15:58:55.3288391-08:00" finish="2010-01-31T15:58:56.1758875-08:00" />
  <ResultSummary outcome="Completed">
    <Counters total="1" executed="1" passed="1" error="0" failed="0" timeout="0" aborted="0" inconclusive="0" passedButRunAborted="0" notRunnable="0" notExecuted="0" disconnected="0" warning="0" completed="0" inProgress="0" pending="0" />
  </ResultSummary>
  <TestDefinitions>
    <UnitTest name="TestEmptyWhenEmptyThrowException" storage="c:\users\satyajit\documents\visual studio 2010\projects\practise\testpractise\bin\debug\testpractise.dll" id="8e83bb93-8c7a-ada9-dccc-eb2e6cf3e874">
      <Execution id="5cb96007-d990-4775-b31a-67f6d1046467" />
      <TestMethod codeBase="C:/Users/satyajit/Documents/Visual Studio 2010/Projects/Practise/TestPractise/bin/Debug/TestPractise.DLL" adapterTypeName="Microsoft.VisualStudio.TestTools.TestTypes.Unit.UnitTestAdapter, Microsoft.VisualStudio.QualityTools.Tips.UnitTest.Adapter, Version=10.0.0.0, Culture=neutral, PublicKeyToken=b03f5f7f11d50a3a" className="TestPractise.PIELinkedListProbsTest, TestPractise, Version=1.0.0.0, Culture=neutral, PublicKeyToken=null" name="TestEmptyWhenEmptyThrowException" />
    </UnitTest>
  </TestDefinitions>
  <TestLists>
    <TestList name="Results Not in a List" id="8c84fa94-04c1-424b-9868-57a2d4851a1d" />
    <TestList name="All Loaded Results" id="19431567-8539-422a-85d7-44ee4e166bda" />
  </TestLists>
  <TestEntries>
    <TestEntry testId="8e83bb93-8c7a-ada9-dccc-eb2e6cf3e874" executionId="5cb96007-d990-4775-b31a-67f6d1046467" testListId="8c84fa94-04c1-424b-9868-57a2d4851a1d" />
  </TestEntries>
  <Results>
    <UnitTestResult executionId="5cb96007-d990-4775-b31a-67f6d1046467" testId="8e83bb93-8c7a-ada9-dccc-eb2e6cf3e874" testName="TestEmptyWhenEmptyThrowException" computerName="ANCONIA" duration="00:00:00.0587435" startTime="2010-01-31T15:58:55.4278447-08:00" endTime="2010-01-31T15:58:56.0888825-08:00" testType="13cdc9d9-ddb5-4fa4-a97d-d965ccfc6d4b" outcome="Passed" testListId="8c84fa94-04c1-424b-9868-57a2d4851a1d" relativeResultsDirectory="5cb96007-d990-4775-b31a-67f6d1046467">
    </UnitTestResult>
  </Results>
</TestRun>