<?xml version="1.0" encoding="UTF-8"?>
<TestRun id="da2ba494-ee81-475d-8414-1b9850ac6162" name="satyajit@ANCONIA 2010-01-30 12:16:28" runUser="Anconia\satyajit" xmlns="http://microsoft.com/schemas/VisualStudio/TeamTest/2010">
  <TestSettings name="Local" id="24005328-42bc-4836-a8a7-df22ad7f1a04">
    <Description>These are default test settings for a local test run.</Description>
    <Deployment enabled="false" runDeploymentRoot="satyajit_ANCONIA 2010-01-30 12_16_28">
      <DeploymentItem filename="C:\Users\satyajit\Documents\Visual Studio 2010\Projects\Practise\Practise\bin\Debug\Practise.dll" />
    </Deployment>
    <Execution>
      <TestTypeSpecific />
      <AgentRule name="Execution Agents">
      </AgentRule>
    </Execution>
  </TestSettings>
  <Times creation="2010-01-30T12:16:28.9045378-08:00" queuing="2010-01-30T12:16:28.9513378-08:00" start="2010-01-30T12:16:29.1541382-08:00" finish="2010-01-30T12:16:30.1993400-08:00" />
  <ResultSummary outcome="Completed">
    <Counters total="3" executed="3" passed="3" error="0" failed="0" timeout="0" aborted="0" inconclusive="0" passedButRunAborted="0" notRunnable="0" notExecuted="0" disconnected="0" warning="0" completed="0" inProgress="0" pending="0" />
  </ResultSummary>
  <TestDefinitions>
    <UnitTest name="TestSubtract" storage="c:\users\satyajit\documents\visual studio 2010\projects\practise\testpractise\bin\debug\testpractise.dll" id="c298320e-b549-5bd3-4bc9-05889fd8d069">
      <Execution id="668a4fc5-f40b-4ce5-9e40-0aafd648533e" />
      <TestMethod codeBase="C:/Users/satyajit/Documents/Visual Studio 2010/Projects/Practise/TestPractise/bin/Debug/TestPractise.DLL" adapterTypeName="Microsoft.VisualStudio.TestTools.TestTypes.Unit.UnitTestAdapter, Microsoft.VisualStudio.QualityTools.Tips.UnitTest.Adapter, Version=10.0.0.0, Culture=neutral, PublicKeyToken=b03f5f7f11d50a3a" className="TestPractise.MainTest, TestPractise, Version=1.0.0.0, Culture=neutral, PublicKeyToken=null" name="TestSubtract" />
    </UnitTest>
    <UnitTest name="TestAdd" storage="c:\users\satyajit\documents\visual studio 2010\projects\practise\testpractise\bin\debug\testpractise.dll" id="7504b88b-a9c7-4f16-2b97-38de1fe1d1d4">
      <Execution id="2c1e1245-0929-4272-9a65-d35b220e2b80" />
      <TestMethod codeBase="C:/Users/satyajit/Documents/Visual Studio 2010/Projects/Practise/TestPractise/bin/Debug/TestPractise.DLL" adapterTypeName="Microsoft.VisualStudio.TestTools.TestTypes.Unit.UnitTestAdapter, Microsoft.VisualStudio.QualityTools.Tips.UnitTest.Adapter, Version=10.0.0.0, Culture=neutral, PublicKeyToken=b03f5f7f11d50a3a" className="TestPractise.MainTest, TestPractise, Version=1.0.0.0, Culture=neutral, PublicKeyToken=null" name="TestAdd" />
    </UnitTest>
    <UnitTest name="TestNegativeSubtraction" storage="c:\users\satyajit\documents\visual studio 2010\projects\practise\testpractise\bin\debug\testpractise.dll" id="f9085e1a-d2f8-c8fb-04ef-3e4eec939b9b">
      <Execution id="7cdce17b-65f8-467f-a02e-fbfb722a24b6" />
      <TestMethod codeBase="C:/Users/satyajit/Documents/Visual Studio 2010/Projects/Practise/TestPractise/bin/Debug/TestPractise.DLL" adapterTypeName="Microsoft.VisualStudio.TestTools.TestTypes.Unit.UnitTestAdapter, Microsoft.VisualStudio.QualityTools.Tips.UnitTest.Adapter, Version=10.0.0.0, Culture=neutral, PublicKeyToken=b03f5f7f11d50a3a" className="TestPractise.MainTest, TestPractise, Version=1.0.0.0, Culture=neutral, PublicKeyToken=null" name="TestNegativeSubtraction" />
    </UnitTest>
  </TestDefinitions>
  <TestLists>
    <TestList name="Results Not in a List" id="8c84fa94-04c1-424b-9868-57a2d4851a1d" />
    <TestList name="All Loaded Results" id="19431567-8539-422a-85d7-44ee4e166bda" />
  </TestLists>
  <TestEntries>
    <TestEntry testId="7504b88b-a9c7-4f16-2b97-38de1fe1d1d4" executionId="2c1e1245-0929-4272-9a65-d35b220e2b80" testListId="8c84fa94-04c1-424b-9868-57a2d4851a1d" />
    <TestEntry testId="c298320e-b549-5bd3-4bc9-05889fd8d069" executionId="668a4fc5-f40b-4ce5-9e40-0aafd648533e" testListId="8c84fa94-04c1-424b-9868-57a2d4851a1d" />
    <TestEntry testId="f9085e1a-d2f8-c8fb-04ef-3e4eec939b9b" executionId="7cdce17b-65f8-467f-a02e-fbfb722a24b6" testListId="8c84fa94-04c1-424b-9868-57a2d4851a1d" />
  </TestEntries>
  <Results>
    <UnitTestResult executionId="2c1e1245-0929-4272-9a65-d35b220e2b80" testId="7504b88b-a9c7-4f16-2b97-38de1fe1d1d4" testName="TestAdd" computerName="ANCONIA" duration="00:00:00.0365860" startTime="2010-01-30T12:16:29.1697382-08:00" endTime="2010-01-30T12:16:30.1213399-08:00" testType="13cdc9d9-ddb5-4fa4-a97d-d965ccfc6d4b" outcome="Passed" testListId="8c84fa94-04c1-424b-9868-57a2d4851a1d" relativeResultsDirectory="2c1e1245-0929-4272-9a65-d35b220e2b80">
    </UnitTestResult>
    <UnitTestResult executionId="668a4fc5-f40b-4ce5-9e40-0aafd648533e" testId="c298320e-b549-5bd3-4bc9-05889fd8d069" testName="TestSubtract" computerName="ANCONIA" duration="00:00:00.0009736" startTime="2010-01-30T12:16:30.1213399-08:00" endTime="2010-01-30T12:16:30.1369399-08:00" testType="13cdc9d9-ddb5-4fa4-a97d-d965ccfc6d4b" outcome="Passed" testListId="8c84fa94-04c1-424b-9868-57a2d4851a1d" relativeResultsDirectory="668a4fc5-f40b-4ce5-9e40-0aafd648533e">
    </UnitTestResult>
    <UnitTestResult executionId="7cdce17b-65f8-467f-a02e-fbfb722a24b6" testId="f9085e1a-d2f8-c8fb-04ef-3e4eec939b9b" testName="TestNegativeSubtraction" computerName="ANCONIA" duration="00:00:00.0005091" startTime="2010-01-30T12:16:30.1369399-08:00" endTime="2010-01-30T12:16:30.1525399-08:00" testType="13cdc9d9-ddb5-4fa4-a97d-d965ccfc6d4b" outcome="Passed" testListId="8c84fa94-04c1-424b-9868-57a2d4851a1d" relativeResultsDirectory="7cdce17b-65f8-467f-a02e-fbfb722a24b6">
    </UnitTestResult>
  </Results>
</TestRun>