<?xml version="1.0" encoding="UTF-8"?>
<TestRun id="c19b080e-6a0d-4227-91ca-3e3c18f72ca4" name="satyajit@ANCONIA 2010-01-30 13:52:18" runUser="Anconia\satyajit" xmlns="http://microsoft.com/schemas/VisualStudio/TeamTest/2010">
  <TestSettings name="Local" id="24005328-42bc-4836-a8a7-df22ad7f1a04">
    <Description>These are default test settings for a local test run.</Description>
    <Deployment enabled="false" runDeploymentRoot="satyajit_ANCONIA 2010-01-30 13_52_18">
      <DeploymentItem filename="C:\Users\satyajit\Documents\Visual Studio 2010\Projects\Practise\Practise\bin\Debug\Practise.dll" />
    </Deployment>
    <Execution>
      <TestTypeSpecific />
      <AgentRule name="Execution Agents">
      </AgentRule>
    </Execution>
  </TestSettings>
  <Times creation="2010-01-30T13:52:18.3692426-08:00" queuing="2010-01-30T13:52:18.4002427-08:00" start="2010-01-30T13:52:18.4352430-08:00" finish="2010-01-30T13:52:19.4642863-08:00" />
  <ResultSummary outcome="Failed">
    <Counters total="4" executed="4" passed="3" error="0" failed="1" timeout="0" aborted="0" inconclusive="0" passedButRunAborted="0" notRunnable="0" notExecuted="0" disconnected="0" warning="0" completed="0" inProgress="0" pending="0" />
  </ResultSummary>
  <TestDefinitions>
    <UnitTest name="TestNegativeMaxRangeSubtraction" storage="c:\users\satyajit\documents\visual studio 2010\projects\practise\testpractise\bin\debug\testpractise.dll" id="185d5a06-c474-ed01-2b16-68bba897db3f">
      <Execution id="ad2a6045-9ca4-40f0-a23a-0a1b0c1bfaa5" />
      <TestMethod codeBase="C:/Users/satyajit/Documents/Visual Studio 2010/Projects/Practise/TestPractise/bin/Debug/TestPractise.DLL" adapterTypeName="Microsoft.VisualStudio.TestTools.TestTypes.Unit.UnitTestAdapter, Microsoft.VisualStudio.QualityTools.Tips.UnitTest.Adapter, Version=10.0.0.0, Culture=neutral, PublicKeyToken=b03f5f7f11d50a3a" className="TestPractise.MainTest, TestPractise, Version=1.0.0.0, Culture=neutral, PublicKeyToken=null" name="TestNegativeMaxRangeSubtraction" />
    </UnitTest>
    <UnitTest name="TestAdd" storage="c:\users\satyajit\documents\visual studio 2010\projects\practise\testpractise\bin\debug\testpractise.dll" id="7504b88b-a9c7-4f16-2b97-38de1fe1d1d4">
      <Execution id="c6cbce00-f06a-4d4e-af76-adde2d2f3f77" />
      <TestMethod codeBase="C:/Users/satyajit/Documents/Visual Studio 2010/Projects/Practise/TestPractise/bin/Debug/TestPractise.DLL" adapterTypeName="Microsoft.VisualStudio.TestTools.TestTypes.Unit.UnitTestAdapter, Microsoft.VisualStudio.QualityTools.Tips.UnitTest.Adapter, Version=10.0.0.0, Culture=neutral, PublicKeyToken=b03f5f7f11d50a3a" className="TestPractise.MainTest, TestPractise, Version=1.0.0.0, Culture=neutral, PublicKeyToken=null" name="TestAdd" />
    </UnitTest>
    <UnitTest name="TestSubtract" storage="c:\users\satyajit\documents\visual studio 2010\projects\practise\testpractise\bin\debug\testpractise.dll" id="c298320e-b549-5bd3-4bc9-05889fd8d069">
      <Execution id="578bc41d-199d-47ee-bb96-98a84af7e63c" />
      <TestMethod codeBase="C:/Users/satyajit/Documents/Visual Studio 2010/Projects/Practise/TestPractise/bin/Debug/TestPractise.DLL" adapterTypeName="Microsoft.VisualStudio.TestTools.TestTypes.Unit.UnitTestAdapter, Microsoft.VisualStudio.QualityTools.Tips.UnitTest.Adapter, Version=10.0.0.0, Culture=neutral, PublicKeyToken=b03f5f7f11d50a3a" className="TestPractise.MainTest, TestPractise, Version=1.0.0.0, Culture=neutral, PublicKeyToken=null" name="TestSubtract" />
    </UnitTest>
    <UnitTest name="TestNegativeSubtraction" storage="c:\users\satyajit\documents\visual studio 2010\projects\practise\testpractise\bin\debug\testpractise.dll" id="f9085e1a-d2f8-c8fb-04ef-3e4eec939b9b">
      <Execution id="16043e62-ad58-4120-bc62-0bf54c82f654" />
      <TestMethod codeBase="C:/Users/satyajit/Documents/Visual Studio 2010/Projects/Practise/TestPractise/bin/Debug/TestPractise.DLL" adapterTypeName="Microsoft.VisualStudio.TestTools.TestTypes.Unit.UnitTestAdapter, Microsoft.VisualStudio.QualityTools.Tips.UnitTest.Adapter, Version=10.0.0.0, Culture=neutral, PublicKeyToken=b03f5f7f11d50a3a" className="TestPractise.MainTest, TestPractise, Version=1.0.0.0, Culture=neutral, PublicKeyToken=null" name="TestNegativeSubtraction" />
    </UnitTest>
  </TestDefinitions>
  <TestLists>
    <TestList name="Results Not in a List" id="8c84fa94-04c1-424b-9868-57a2d4851a1d" />
    <TestList name="All Loaded Results" id="19431567-8539-422a-85d7-44ee4e166bda" />
  </TestLists>
  <TestEntries>
    <TestEntry testId="185d5a06-c474-ed01-2b16-68bba897db3f" executionId="ad2a6045-9ca4-40f0-a23a-0a1b0c1bfaa5" testListId="8c84fa94-04c1-424b-9868-57a2d4851a1d" />
    <TestEntry testId="7504b88b-a9c7-4f16-2b97-38de1fe1d1d4" executionId="c6cbce00-f06a-4d4e-af76-adde2d2f3f77" testListId="8c84fa94-04c1-424b-9868-57a2d4851a1d" />
    <TestEntry testId="c298320e-b549-5bd3-4bc9-05889fd8d069" executionId="578bc41d-199d-47ee-bb96-98a84af7e63c" testListId="8c84fa94-04c1-424b-9868-57a2d4851a1d" />
    <TestEntry testId="f9085e1a-d2f8-c8fb-04ef-3e4eec939b9b" executionId="16043e62-ad58-4120-bc62-0bf54c82f654" testListId="8c84fa94-04c1-424b-9868-57a2d4851a1d" />
  </TestEntries>
  <Results>
    <UnitTestResult executionId="ad2a6045-9ca4-40f0-a23a-0a1b0c1bfaa5" testId="185d5a06-c474-ed01-2b16-68bba897db3f" testName="TestNegativeMaxRangeSubtraction" computerName="ANCONIA" duration="00:00:00.0473689" startTime="2010-01-30T13:52:18.4472437-08:00" endTime="2010-01-30T13:52:19.3722849-08:00" testType="13cdc9d9-ddb5-4fa4-a97d-d965ccfc6d4b" outcome="Failed" testListId="8c84fa94-04c1-424b-9868-57a2d4851a1d" relativeResultsDirectory="ad2a6045-9ca4-40f0-a23a-0a1b0c1bfaa5">
      <Output>
        <ErrorInfo>
          <Message>Assert.AreEqual failed. Expected:&lt;23423131&gt;. Actual:&lt;2147483639&gt;. </Message>
          <StackTrace>   at TestPractise.MainTest.TestNegativeMaxRangeSubtraction() in C:\Users\satyajit\Documents\Visual Studio 2010\Projects\Practise\TestPractise\MainTest.cs:line 122
</StackTrace>
        </ErrorInfo>
      </Output>
    </UnitTestResult>
    <UnitTestResult executionId="c6cbce00-f06a-4d4e-af76-adde2d2f3f77" testId="7504b88b-a9c7-4f16-2b97-38de1fe1d1d4" testName="TestAdd" computerName="ANCONIA" duration="00:00:00.0016999" startTime="2010-01-30T13:52:19.3822849-08:00" endTime="2010-01-30T13:52:19.3922849-08:00" testType="13cdc9d9-ddb5-4fa4-a97d-d965ccfc6d4b" outcome="Passed" testListId="8c84fa94-04c1-424b-9868-57a2d4851a1d" relativeResultsDirectory="c6cbce00-f06a-4d4e-af76-adde2d2f3f77">
    </UnitTestResult>
    <UnitTestResult executionId="578bc41d-199d-47ee-bb96-98a84af7e63c" testId="c298320e-b549-5bd3-4bc9-05889fd8d069" testName="TestSubtract" computerName="ANCONIA" duration="00:00:00.0004588" startTime="2010-01-30T13:52:19.3922849-08:00" endTime="2010-01-30T13:52:19.4022850-08:00" testType="13cdc9d9-ddb5-4fa4-a97d-d965ccfc6d4b" outcome="Passed" testListId="8c84fa94-04c1-424b-9868-57a2d4851a1d" relativeResultsDirectory="578bc41d-199d-47ee-bb96-98a84af7e63c">
    </UnitTestResult>
    <UnitTestResult executionId="16043e62-ad58-4120-bc62-0bf54c82f654" testId="f9085e1a-d2f8-c8fb-04ef-3e4eec939b9b" testName="TestNegativeSubtraction" computerName="ANCONIA" duration="00:00:00.0004516" startTime="2010-01-30T13:52:19.4122850-08:00" endTime="2010-01-30T13:52:19.4232850-08:00" testType="13cdc9d9-ddb5-4fa4-a97d-d965ccfc6d4b" outcome="Passed" testListId="8c84fa94-04c1-424b-9868-57a2d4851a1d" relativeResultsDirectory="16043e62-ad58-4120-bc62-0bf54c82f654">
    </UnitTestResult>
  </Results>
</TestRun>